"6/16/2026, 11:50:49.858 PM","dc-zta.ztaresearch.local",4624,"An account was successfully logged on.  Subject: 	Security ID:		S-1-0-0 	Account Name:		- 	Account Domain:		- 	Logon ID:		0x0  Logon Information: 	Logon Type:		3 	Restricted Admin Mode:	- 	Virtual Account:		No 	Elevated Token:		Yes  Impersonation Level:		Impersonation  New Logon: 	Security ID:		S-1-5-18 	Account Name:		dc-zta$ 	Account Domain:		ZTARESEARCH.LOCAL 	Logon ID:		0xFAAFE 	Linked Logon ID:		0x0 	Network Account Name:	- 	Network Account Domain:	- 	Logon GUID:		{1e83c98b-9e6a-513e-0406-ebbffcea312a}  Process Information: 	Process ID:		0x0 	Process Name:		-  Network Information: 	Workstation Name:	- 	Source Network Address:	::1 	Source Port:		52044  Detailed Authentication Information: 	Logon Process:		Kerberos 	Authentication Package:	Kerberos 	Transited Services:	- 	Package Name (NTLM only):	- 	Key Length:		0  This event is generated when a logon session is created. It is generated on the computer that was accessed.  The subject fields indicate the account on the local system which requested the logon. This is most commonly a service such as the Server service, or a local process such as Winlogon.exe or Services.exe.  The logon type field indicates the kind of logon that occurred. The most common types are 2 (interactive) and 3 (network).  The New Logon fields indicate the account for whom the new logon was created, i.e. the account that was logged on.  The network fields indicate where a remote logon request originated. Workstation name is not always available and may be left blank in some cases.  The impersonation level field indicates the extent to which a process in the logon session can impersonate.  The authentication information fields provide detailed information about this specific logon request. 	- Logon GUID is a unique identifier that can be used to correlate this event with a KDC event. 	- Transited services indicate which intermediate services have participated in this logon request. 	- Package name indicates which sub-protocol was used among the NTLM protocols. 	- Key length indicates the length of the generated session key. This will be 0 if no session key was requested."
"6/16/2026, 11:50:49.858 PM","dc-zta.ztaresearch.local",4672,"Special privileges assigned to new logon.  Subject: 	Security ID:		S-1-5-18 	Account Name:		dc-zta$ 	Account Domain:		ZTARESEARCH 	Logon ID:		0xFAAFE  Privileges:		SeSecurityPrivilege 			SeBackupPrivilege 			SeRestorePrivilege 			SeTakeOwnershipPrivilege 			SeDebugPrivilege 			SeSystemEnvironmentPrivilege 			SeLoadDriverPrivilege 			SeImpersonatePrivilege 			SeDelegateSessionUserImpersonatePrivilege 			SeEnableDelegationPrivilege"
"6/16/2026, 11:50:40.042 PM","dc-zta.ztaresearch.local",4672,"Special privileges assigned to new logon.  Subject: 	Security ID:		S-1-5-18 	Account Name:		SYSTEM 	Account Domain:		NT AUTHORITY 	Logon ID:		0x3E7  Privileges:		SeAssignPrimaryTokenPrivilege 			SeTcbPrivilege 			SeSecurityPrivilege 			SeTakeOwnershipPrivilege 			SeLoadDriverPrivilege 			SeBackupPrivilege 			SeRestorePrivilege 			SeDebugPrivilege 			SeAuditPrivilege 			SeSystemEnvironmentPrivilege 			SeImpersonatePrivilege 			SeDelegateSessionUserImpersonatePrivilege"
"6/16/2026, 11:50:40.042 PM","dc-zta.ztaresearch.local",4624,"An account was successfully logged on.  Subject: 	Security ID:		S-1-5-18 	Account Name:		dc-zta$ 	Account Domain:		ZTARESEARCH 	Logon ID:		0x3E7  Logon Information: 	Logon Type:		5 	Restricted Admin Mode:	- 	Virtual Account:		No 	Elevated Token:		Yes  Impersonation Level:		Impersonation  New Logon: 	Security ID:		S-1-5-18 	Account Name:		SYSTEM 	Account Domain:		NT AUTHORITY 	Logon ID:		0x3E7 	Linked Logon ID:		0x0 	Network Account Name:	- 	Network Account Domain:	- 	Logon GUID:		{00000000-0000-0000-0000-000000000000}  Process Information: 	Process ID:		0x2f0 	Process Name:		C:\Windows\System32\services.exe  Network Information: 	Workstation Name:	- 	Source Network Address:	- 	Source Port:		-  Detailed Authentication Information: 	Logon Process:		Advapi   	Authentication Package:	Negotiate 	Transited Services:	- 	Package Name (NTLM only):	- 	Key Length:		0  This event is generated when a logon session is created. It is generated on the computer that was accessed.  The subject fields indicate the account on the local system which requested the logon. This is most commonly a service such as the Server service, or a local process such as Winlogon.exe or Services.exe.  The logon type field indicates the kind of logon that occurred. The most common types are 2 (interactive) and 3 (network).  The New Logon fields indicate the account for whom the new logon was created, i.e. the account that was logged on.  The network fields indicate where a remote logon request originated. Workstation name is not always available and may be left blank in some cases.  The impersonation level field indicates the extent to which a process in the logon session can impersonate.  The authentication information fields provide detailed information about this specific logon request. 	- Logon GUID is a unique identifier that can be used to correlate this event with a KDC event. 	- Transited services indicate which intermediate services have participated in this logon request. 	- Package name indicates which sub-protocol was used among the NTLM protocols. 	- Key length indicates the length of the generated session key. This will be 0 if no session key was requested."
"6/16/2026, 11:49:49.842 PM","dc-zta.ztaresearch.local",4624,"An account was successfully logged on.  Subject: 	Security ID:		S-1-0-0 	Account Name:		- 	Account Domain:		- 	Logon ID:		0x0  Logon Information: 	Logon Type:		3 	Restricted Admin Mode:	- 	Virtual Account:		No 	Elevated Token:		Yes  Impersonation Level:		Impersonation  New Logon: 	Security ID:		S-1-5-18 	Account Name:		dc-zta$ 	Account Domain:		ZTARESEARCH.LOCAL 	Logon ID:		0xF6DB0 	Linked Logon ID:		0x0 	Network Account Name:	- 	Network Account Domain:	- 	Logon GUID:		{1e83c98b-9e6a-513e-0406-ebbffcea312a}  Process Information: 	Process ID:		0x0 	Process Name:		-  Network Information: 	Workstation Name:	- 	Source Network Address:	::1 	Source Port:		52016  Detailed Authentication Information: 	Logon Process:		Kerberos 	Authentication Package:	Kerberos 	Transited Services:	- 	Package Name (NTLM only):	- 	Key Length:		0  This event is generated when a logon session is created. It is generated on the computer that was accessed.  The subject fields indicate the account on the local system which requested the logon. This is most commonly a service such as the Server service, or a local process such as Winlogon.exe or Services.exe.  The logon type field indicates the kind of logon that occurred. The most common types are 2 (interactive) and 3 (network).  The New Logon fields indicate the account for whom the new logon was created, i.e. the account that was logged on.  The network fields indicate where a remote logon request originated. Workstation name is not always available and may be left blank in some cases.  The impersonation level field indicates the extent to which a process in the logon session can impersonate.  The authentication information fields provide detailed information about this specific logon request. 	- Logon GUID is a unique identifier that can be used to correlate this event with a KDC event. 	- Transited services indicate which intermediate services have participated in this logon request. 	- Package name indicates which sub-protocol was used among the NTLM protocols. 	- Key length indicates the length of the generated session key. This will be 0 if no session key was requested."
"6/16/2026, 11:49:49.842 PM","dc-zta.ztaresearch.local",4672,"Special privileges assigned to new logon.  Subject: 	Security ID:		S-1-5-18 	Account Name:		dc-zta$ 	Account Domain:		ZTARESEARCH 	Logon ID:		0xF6DB0  Privileges:		SeSecurityPrivilege 			SeBackupPrivilege 			SeRestorePrivilege 			SeTakeOwnershipPrivilege 			SeDebugPrivilege 			SeSystemEnvironmentPrivilege 			SeLoadDriverPrivilege 			SeImpersonatePrivilege 			SeDelegateSessionUserImpersonatePrivilege 			SeEnableDelegationPrivilege"
"6/16/2026, 11:48:49.840 PM","dc-zta.ztaresearch.local",4624,"An account was successfully logged on.  Subject: 	Security ID:		S-1-0-0 	Account Name:		- 	Account Domain:		- 	Logon ID:		0x0  Logon Information: 	Logon Type:		3 	Restricted Admin Mode:	- 	Virtual Account:		No 	Elevated Token:		Yes  Impersonation Level:		Impersonation  New Logon: 	Security ID:		S-1-5-18 	Account Name:		dc-zta$ 	Account Domain:		ZTARESEARCH.LOCAL 	Logon ID:		0xF470B 	Linked Logon ID:		0x0 	Network Account Name:	- 	Network Account Domain:	- 	Logon GUID:		{1e83c98b-9e6a-513e-0406-ebbffcea312a}  Process Information: 	Process ID:		0x0 	Process Name:		-  Network Information: 	Workstation Name:	- 	Source Network Address:	::1 	Source Port:		51987  Detailed Authentication Information: 	Logon Process:		Kerberos 	Authentication Package:	Kerberos 	Transited Services:	- 	Package Name (NTLM only):	- 	Key Length:		0  This event is generated when a logon session is created. It is generated on the computer that was accessed.  The subject fields indicate the account on the local system which requested the logon. This is most commonly a service such as the Server service, or a local process such as Winlogon.exe or Services.exe.  The logon type field indicates the kind of logon that occurred. The most common types are 2 (interactive) and 3 (network).  The New Logon fields indicate the account for whom the new logon was created, i.e. the account that was logged on.  The network fields indicate where a remote logon request originated. Workstation name is not always available and may be left blank in some cases.  The impersonation level field indicates the extent to which a process in the logon session can impersonate.  The authentication information fields provide detailed information about this specific logon request. 	- Logon GUID is a unique identifier that can be used to correlate this event with a KDC event. 	- Transited services indicate which intermediate services have participated in this logon request. 	- Package name indicates which sub-protocol was used among the NTLM protocols. 	- Key length indicates the length of the generated session key. This will be 0 if no session key was requested."
"6/16/2026, 11:48:49.840 PM","dc-zta.ztaresearch.local",4672,"Special privileges assigned to new logon.  Subject: 	Security ID:		S-1-5-18 	Account Name:		dc-zta$ 	Account Domain:		ZTARESEARCH 	Logon ID:		0xF470B  Privileges:		SeSecurityPrivilege 			SeBackupPrivilege 			SeRestorePrivilege 			SeTakeOwnershipPrivilege 			SeDebugPrivilege 			SeSystemEnvironmentPrivilege 			SeLoadDriverPrivilege 			SeImpersonatePrivilege 			SeDelegateSessionUserImpersonatePrivilege 			SeEnableDelegationPrivilege"
"6/16/2026, 11:48:32.695 PM","fs-zta.ztaresearch.local",4672,"Special privileges assigned to new logon.  Subject: 	Security ID:		S-1-5-18 	Account Name:		SYSTEM 	Account Domain:		NT AUTHORITY 	Logon ID:		0x3E7  Privileges:		SeAssignPrimaryTokenPrivilege 			SeTcbPrivilege 			SeSecurityPrivilege 			SeTakeOwnershipPrivilege 			SeLoadDriverPrivilege 			SeBackupPrivilege 			SeRestorePrivilege 			SeDebugPrivilege 			SeAuditPrivilege 			SeSystemEnvironmentPrivilege 			SeImpersonatePrivilege 			SeDelegateSessionUserImpersonatePrivilege"
"6/16/2026, 11:48:32.695 PM","fs-zta.ztaresearch.local",4624,"An account was successfully logged on.  Subject: 	Security ID:		S-1-5-18 	Account Name:		fs-zta$ 	Account Domain:		ZTARESEARCH 	Logon ID:		0x3E7  Logon Information: 	Logon Type:		5 	Restricted Admin Mode:	- 	Virtual Account:		No 	Elevated Token:		Yes  Impersonation Level:		Impersonation  New Logon: 	Security ID:		S-1-5-18 	Account Name:		SYSTEM 	Account Domain:		NT AUTHORITY 	Logon ID:		0x3E7 	Linked Logon ID:		0x0 	Network Account Name:	- 	Network Account Domain:	- 	Logon GUID:		{00000000-0000-0000-0000-000000000000}  Process Information: 	Process ID:		0x2f0 	Process Name:		C:\Windows\System32\services.exe  Network Information: 	Workstation Name:	- 	Source Network Address:	- 	Source Port:		-  Detailed Authentication Information: 	Logon Process:		Advapi   	Authentication Package:	Negotiate 	Transited Services:	- 	Package Name (NTLM only):	- 	Key Length:		0  This event is generated when a logon session is created. It is generated on the computer that was accessed.  The subject fields indicate the account on the local system which requested the logon. This is most commonly a service such as the Server service, or a local process such as Winlogon.exe or Services.exe.  The logon type field indicates the kind of logon that occurred. The most common types are 2 (interactive) and 3 (network).  The New Logon fields indicate the account for whom the new logon was created, i.e. the account that was logged on.  The network fields indicate where a remote logon request originated. Workstation name is not always available and may be left blank in some cases.  The impersonation level field indicates the extent to which a process in the logon session can impersonate.  The authentication information fields provide detailed information about this specific logon request. 	- Logon GUID is a unique identifier that can be used to correlate this event with a KDC event. 	- Transited services indicate which intermediate services have participated in this logon request. 	- Package name indicates which sub-protocol was used among the NTLM protocols. 	- Key length indicates the length of the generated session key. This will be 0 if no session key was requested."
"6/16/2026, 11:47:49.836 PM","dc-zta.ztaresearch.local",4624,"An account was successfully logged on.  Subject: 	Security ID:		S-1-0-0 	Account Name:		- 	Account Domain:		- 	Logon ID:		0x0  Logon Information: 	Logon Type:		3 	Restricted Admin Mode:	- 	Virtual Account:		No 	Elevated Token:		Yes  Impersonation Level:		Impersonation  New Logon: 	Security ID:		S-1-5-18 	Account Name:		dc-zta$ 	Account Domain:		ZTARESEARCH.LOCAL 	Logon ID:		0xF11B5 	Linked Logon ID:		0x0 	Network Account Name:	- 	Network Account Domain:	- 	Logon GUID:		{1e83c98b-9e6a-513e-0406-ebbffcea312a}  Process Information: 	Process ID:		0x0 	Process Name:		-  Network Information: 	Workstation Name:	- 	Source Network Address:	::1 	Source Port:		51954  Detailed Authentication Information: 	Logon Process:		Kerberos 	Authentication Package:	Kerberos 	Transited Services:	- 	Package Name (NTLM only):	- 	Key Length:		0  This event is generated when a logon session is created. It is generated on the computer that was accessed.  The subject fields indicate the account on the local system which requested the logon. This is most commonly a service such as the Server service, or a local process such as Winlogon.exe or Services.exe.  The logon type field indicates the kind of logon that occurred. The most common types are 2 (interactive) and 3 (network).  The New Logon fields indicate the account for whom the new logon was created, i.e. the account that was logged on.  The network fields indicate where a remote logon request originated. Workstation name is not always available and may be left blank in some cases.  The impersonation level field indicates the extent to which a process in the logon session can impersonate.  The authentication information fields provide detailed information about this specific logon request. 	- Logon GUID is a unique identifier that can be used to correlate this event with a KDC event. 	- Transited services indicate which intermediate services have participated in this logon request. 	- Package name indicates which sub-protocol was used among the NTLM protocols. 	- Key length indicates the length of the generated session key. This will be 0 if no session key was requested."
"6/16/2026, 11:47:49.836 PM","dc-zta.ztaresearch.local",4672,"Special privileges assigned to new logon.  Subject: 	Security ID:		S-1-5-18 	Account Name:		dc-zta$ 	Account Domain:		ZTARESEARCH 	Logon ID:		0xF11B5  Privileges:		SeSecurityPrivilege 			SeBackupPrivilege 			SeRestorePrivilege 			SeTakeOwnershipPrivilege 			SeDebugPrivilege 			SeSystemEnvironmentPrivilege 			SeLoadDriverPrivilege 			SeImpersonatePrivilege 			SeDelegateSessionUserImpersonatePrivilege 			SeEnableDelegationPrivilege"
"6/16/2026, 11:47:13.287 PM","dc-zta.ztaresearch.local",4624,"An account was successfully logged on.  Subject: 	Security ID:		S-1-0-0 	Account Name:		- 	Account Domain:		- 	Logon ID:		0x0  Logon Information: 	Logon Type:		3 	Restricted Admin Mode:	- 	Virtual Account:		No 	Elevated Token:		Yes  Impersonation Level:		Impersonation  New Logon: 	Security ID:		S-1-5-18 	Account Name:		dc-zta$ 	Account Domain:		ZTARESEARCH.LOCAL 	Logon ID:		0xEF61C 	Linked Logon ID:		0x0 	Network Account Name:	- 	Network Account Domain:	- 	Logon GUID:		{445b2753-6c9b-1438-8f83-a16acb90f4b3}  Process Information: 	Process ID:		0x0 	Process Name:		-  Network Information: 	Workstation Name:	- 	Source Network Address:	::1 	Source Port:		0  Detailed Authentication Information: 	Logon Process:		Kerberos 	Authentication Package:	Kerberos 	Transited Services:	- 	Package Name (NTLM only):	- 	Key Length:		0  This event is generated when a logon session is created. It is generated on the computer that was accessed.  The subject fields indicate the account on the local system which requested the logon. This is most commonly a service such as the Server service, or a local process such as Winlogon.exe or Services.exe.  The logon type field indicates the kind of logon that occurred. The most common types are 2 (interactive) and 3 (network).  The New Logon fields indicate the account for whom the new logon was created, i.e. the account that was logged on.  The network fields indicate where a remote logon request originated. Workstation name is not always available and may be left blank in some cases.  The impersonation level field indicates the extent to which a process in the logon session can impersonate.  The authentication information fields provide detailed information about this specific logon request. 	- Logon GUID is a unique identifier that can be used to correlate this event with a KDC event. 	- Transited services indicate which intermediate services have participated in this logon request. 	- Package name indicates which sub-protocol was used among the NTLM protocols. 	- Key length indicates the length of the generated session key. This will be 0 if no session key was requested."
"6/16/2026, 11:47:13.287 PM","dc-zta.ztaresearch.local",4672,"Special privileges assigned to new logon.  Subject: 	Security ID:		S-1-5-18 	Account Name:		dc-zta$ 	Account Domain:		ZTARESEARCH 	Logon ID:		0xEF61C  Privileges:		SeSecurityPrivilege 			SeBackupPrivilege 			SeRestorePrivilege 			SeTakeOwnershipPrivilege 			SeDebugPrivilege 			SeSystemEnvironmentPrivilege 			SeLoadDriverPrivilege 			SeImpersonatePrivilege 			SeDelegateSessionUserImpersonatePrivilege 			SeEnableDelegationPrivilege"
"6/16/2026, 11:47:13.227 PM","dc-zta.ztaresearch.local",4624,"An account was successfully logged on.  Subject: 	Security ID:		S-1-0-0 	Account Name:		- 	Account Domain:		- 	Logon ID:		0x0  Logon Information: 	Logon Type:		3 	Restricted Admin Mode:	- 	Virtual Account:		No 	Elevated Token:		Yes  Impersonation Level:		Impersonation  New Logon: 	Security ID:		S-1-5-18 	Account Name:		dc-zta$ 	Account Domain:		ZTARESEARCH.LOCAL 	Logon ID:		0xEF445 	Linked Logon ID:		0x0 	Network Account Name:	- 	Network Account Domain:	- 	Logon GUID:		{1e83c98b-9e6a-513e-0406-ebbffcea312a}  Process Information: 	Process ID:		0x0 	Process Name:		-  Network Information: 	Workstation Name:	- 	Source Network Address:	10.0.1.10 	Source Port:		51937  Detailed Authentication Information: 	Logon Process:		Kerberos 	Authentication Package:	Kerberos 	Transited Services:	- 	Package Name (NTLM only):	- 	Key Length:		0  This event is generated when a logon session is created. It is generated on the computer that was accessed.  The subject fields indicate the account on the local system which requested the logon. This is most commonly a service such as the Server service, or a local process such as Winlogon.exe or Services.exe.  The logon type field indicates the kind of logon that occurred. The most common types are 2 (interactive) and 3 (network).  The New Logon fields indicate the account for whom the new logon was created, i.e. the account that was logged on.  The network fields indicate where a remote logon request originated. Workstation name is not always available and may be left blank in some cases.  The impersonation level field indicates the extent to which a process in the logon session can impersonate.  The authentication information fields provide detailed information about this specific logon request. 	- Logon GUID is a unique identifier that can be used to correlate this event with a KDC event. 	- Transited services indicate which intermediate services have participated in this logon request. 	- Package name indicates which sub-protocol was used among the NTLM protocols. 	- Key length indicates the length of the generated session key. This will be 0 if no session key was requested."
"6/16/2026, 11:47:13.227 PM","dc-zta.ztaresearch.local",4672,"Special privileges assigned to new logon.  Subject: 	Security ID:		S-1-5-18 	Account Name:		dc-zta$ 	Account Domain:		ZTARESEARCH 	Logon ID:		0xEF445  Privileges:		SeSecurityPrivilege 			SeBackupPrivilege 			SeRestorePrivilege 			SeTakeOwnershipPrivilege 			SeDebugPrivilege 			SeSystemEnvironmentPrivilege 			SeLoadDriverPrivilege 			SeImpersonatePrivilege 			SeDelegateSessionUserImpersonatePrivilege 			SeEnableDelegationPrivilege"
"6/16/2026, 11:47:13.221 PM","dc-zta.ztaresearch.local",4624,"An account was successfully logged on.  Subject: 	Security ID:		S-1-0-0 	Account Name:		- 	Account Domain:		- 	Logon ID:		0x0  Logon Information: 	Logon Type:		3 	Restricted Admin Mode:	- 	Virtual Account:		No 	Elevated Token:		Yes  Impersonation Level:		Impersonation  New Logon: 	Security ID:		S-1-5-18 	Account Name:		dc-zta$ 	Account Domain:		ZTARESEARCH.LOCAL 	Logon ID:		0xEF3F3 	Linked Logon ID:		0x0 	Network Account Name:	- 	Network Account Domain:	- 	Logon GUID:		{445b2753-6c9b-1438-8f83-a16acb90f4b3}  Process Information: 	Process ID:		0x0 	Process Name:		-  Network Information: 	Workstation Name:	- 	Source Network Address:	::1 	Source Port:		0  Detailed Authentication Information: 	Logon Process:		Kerberos 	Authentication Package:	Kerberos 	Transited Services:	- 	Package Name (NTLM only):	- 	Key Length:		0  This event is generated when a logon session is created. It is generated on the computer that was accessed.  The subject fields indicate the account on the local system which requested the logon. This is most commonly a service such as the Server service, or a local process such as Winlogon.exe or Services.exe.  The logon type field indicates the kind of logon that occurred. The most common types are 2 (interactive) and 3 (network).  The New Logon fields indicate the account for whom the new logon was created, i.e. the account that was logged on.  The network fields indicate where a remote logon request originated. Workstation name is not always available and may be left blank in some cases.  The impersonation level field indicates the extent to which a process in the logon session can impersonate.  The authentication information fields provide detailed information about this specific logon request. 	- Logon GUID is a unique identifier that can be used to correlate this event with a KDC event. 	- Transited services indicate which intermediate services have participated in this logon request. 	- Package name indicates which sub-protocol was used among the NTLM protocols. 	- Key length indicates the length of the generated session key. This will be 0 if no session key was requested."
"6/16/2026, 11:47:13.221 PM","dc-zta.ztaresearch.local",4672,"Special privileges assigned to new logon.  Subject: 	Security ID:		S-1-5-18 	Account Name:		dc-zta$ 	Account Domain:		ZTARESEARCH 	Logon ID:		0xEF3F3  Privileges:		SeSecurityPrivilege 			SeBackupPrivilege 			SeRestorePrivilege 			SeTakeOwnershipPrivilege 			SeDebugPrivilege 			SeSystemEnvironmentPrivilege 			SeLoadDriverPrivilege 			SeImpersonatePrivilege 			SeDelegateSessionUserImpersonatePrivilege 			SeEnableDelegationPrivilege"
"6/16/2026, 11:47:13.204 PM","dc-zta.ztaresearch.local",4624,"An account was successfully logged on.  Subject: 	Security ID:		S-1-0-0 	Account Name:		- 	Account Domain:		- 	Logon ID:		0x0  Logon Information: 	Logon Type:		3 	Restricted Admin Mode:	- 	Virtual Account:		No 	Elevated Token:		Yes  Impersonation Level:		Delegation  New Logon: 	Security ID:		S-1-5-18 	Account Name:		dc-zta$ 	Account Domain:		ZTARESEARCH.LOCAL 	Logon ID:		0xEF305 	Linked Logon ID:		0x0 	Network Account Name:	- 	Network Account Domain:	- 	Logon GUID:		{7ac51d2f-d716-58e3-fb16-661969a58dc7}  Process Information: 	Process ID:		0x0 	Process Name:		-  Network Information: 	Workstation Name:	- 	Source Network Address:	fe80::6281:4404:d084:6b58 	Source Port:		51936  Detailed Authentication Information: 	Logon Process:		Kerberos 	Authentication Package:	Kerberos 	Transited Services:	- 	Package Name (NTLM only):	- 	Key Length:		0  This event is generated when a logon session is created. It is generated on the computer that was accessed.  The subject fields indicate the account on the local system which requested the logon. This is most commonly a service such as the Server service, or a local process such as Winlogon.exe or Services.exe.  The logon type field indicates the kind of logon that occurred. The most common types are 2 (interactive) and 3 (network).  The New Logon fields indicate the account for whom the new logon was created, i.e. the account that was logged on.  The network fields indicate where a remote logon request originated. Workstation name is not always available and may be left blank in some cases.  The impersonation level field indicates the extent to which a process in the logon session can impersonate.  The authentication information fields provide detailed information about this specific logon request. 	- Logon GUID is a unique identifier that can be used to correlate this event with a KDC event. 	- Transited services indicate which intermediate services have participated in this logon request. 	- Package name indicates which sub-protocol was used among the NTLM protocols. 	- Key length indicates the length of the generated session key. This will be 0 if no session key was requested."
"6/16/2026, 11:47:13.204 PM","dc-zta.ztaresearch.local",4672,"Special privileges assigned to new logon.  Subject: 	Security ID:		S-1-5-18 	Account Name:		dc-zta$ 	Account Domain:		ZTARESEARCH 	Logon ID:		0xEF305  Privileges:		SeSecurityPrivilege 			SeBackupPrivilege 			SeRestorePrivilege 			SeTakeOwnershipPrivilege 			SeDebugPrivilege 			SeSystemEnvironmentPrivilege 			SeLoadDriverPrivilege 			SeImpersonatePrivilege 			SeDelegateSessionUserImpersonatePrivilege 			SeEnableDelegationPrivilege"
"6/16/2026, 11:47:13.198 PM","dc-zta.ztaresearch.local",4624,"An account was successfully logged on.  Subject: 	Security ID:		S-1-0-0 	Account Name:		- 	Account Domain:		- 	Logon ID:		0x0  Logon Information: 	Logon Type:		3 	Restricted Admin Mode:	- 	Virtual Account:		No 	Elevated Token:		Yes  Impersonation Level:		Impersonation  New Logon: 	Security ID:		S-1-5-18 	Account Name:		dc-zta$ 	Account Domain:		ZTARESEARCH.LOCAL 	Logon ID:		0xEF28B 	Linked Logon ID:		0x0 	Network Account Name:	- 	Network Account Domain:	- 	Logon GUID:		{1e83c98b-9e6a-513e-0406-ebbffcea312a}  Process Information: 	Process ID:		0x0 	Process Name:		-  Network Information: 	Workstation Name:	- 	Source Network Address:	fe80::6281:4404:d084:6b58 	Source Port:		51935  Detailed Authentication Information: 	Logon Process:		Kerberos 	Authentication Package:	Kerberos 	Transited Services:	- 	Package Name (NTLM only):	- 	Key Length:		0  This event is generated when a logon session is created. It is generated on the computer that was accessed.  The subject fields indicate the account on the local system which requested the logon. This is most commonly a service such as the Server service, or a local process such as Winlogon.exe or Services.exe.  The logon type field indicates the kind of logon that occurred. The most common types are 2 (interactive) and 3 (network).  The New Logon fields indicate the account for whom the new logon was created, i.e. the account that was logged on.  The network fields indicate where a remote logon request originated. Workstation name is not always available and may be left blank in some cases.  The impersonation level field indicates the extent to which a process in the logon session can impersonate.  The authentication information fields provide detailed information about this specific logon request. 	- Logon GUID is a unique identifier that can be used to correlate this event with a KDC event. 	- Transited services indicate which intermediate services have participated in this logon request. 	- Package name indicates which sub-protocol was used among the NTLM protocols. 	- Key length indicates the length of the generated session key. This will be 0 if no session key was requested."
"6/16/2026, 11:47:13.197 PM","dc-zta.ztaresearch.local",4672,"Special privileges assigned to new logon.  Subject: 	Security ID:		S-1-5-18 	Account Name:		dc-zta$ 	Account Domain:		ZTARESEARCH 	Logon ID:		0xEF28B  Privileges:		SeSecurityPrivilege 			SeBackupPrivilege 			SeRestorePrivilege 			SeTakeOwnershipPrivilege 			SeDebugPrivilege 			SeSystemEnvironmentPrivilege 			SeLoadDriverPrivilege 			SeImpersonatePrivilege 			SeDelegateSessionUserImpersonatePrivilege 			SeEnableDelegationPrivilege"
"6/16/2026, 11:46:52.129 PM","dc-zta.ztaresearch.local",4624,"An account was successfully logged on.  Subject: 	Security ID:		S-1-0-0 	Account Name:		- 	Account Domain:		- 	Logon ID:		0x0  Logon Information: 	Logon Type:		3 	Restricted Admin Mode:	- 	Virtual Account:		No 	Elevated Token:		Yes  Impersonation Level:		Impersonation  New Logon: 	Security ID:		S-1-5-18 	Account Name:		dc-zta$ 	Account Domain:		ZTARESEARCH.LOCAL 	Logon ID:		0xED59D 	Linked Logon ID:		0x0 	Network Account Name:	- 	Network Account Domain:	- 	Logon GUID:		{1e83c98b-9e6a-513e-0406-ebbffcea312a}  Process Information: 	Process ID:		0x0 	Process Name:		-  Network Information: 	Workstation Name:	- 	Source Network Address:	fe80::6281:4404:d084:6b58 	Source Port:		51919  Detailed Authentication Information: 	Logon Process:		Kerberos 	Authentication Package:	Kerberos 	Transited Services:	- 	Package Name (NTLM only):	- 	Key Length:		0  This event is generated when a logon session is created. It is generated on the computer that was accessed.  The subject fields indicate the account on the local system which requested the logon. This is most commonly a service such as the Server service, or a local process such as Winlogon.exe or Services.exe.  The logon type field indicates the kind of logon that occurred. The most common types are 2 (interactive) and 3 (network).  The New Logon fields indicate the account for whom the new logon was created, i.e. the account that was logged on.  The network fields indicate where a remote logon request originated. Workstation name is not always available and may be left blank in some cases.  The impersonation level field indicates the extent to which a process in the logon session can impersonate.  The authentication information fields provide detailed information about this specific logon request. 	- Logon GUID is a unique identifier that can be used to correlate this event with a KDC event. 	- Transited services indicate which intermediate services have participated in this logon request. 	- Package name indicates which sub-protocol was used among the NTLM protocols. 	- Key length indicates the length of the generated session key. This will be 0 if no session key was requested."
"6/16/2026, 11:46:52.129 PM","dc-zta.ztaresearch.local",4672,"Special privileges assigned to new logon.  Subject: 	Security ID:		S-1-5-18 	Account Name:		dc-zta$ 	Account Domain:		ZTARESEARCH 	Logon ID:		0xED59D  Privileges:		SeSecurityPrivilege 			SeBackupPrivilege 			SeRestorePrivilege 			SeTakeOwnershipPrivilege 			SeDebugPrivilege 			SeSystemEnvironmentPrivilege 			SeLoadDriverPrivilege 			SeImpersonatePrivilege 			SeDelegateSessionUserImpersonatePrivilege 			SeEnableDelegationPrivilege"
"6/16/2026, 11:46:50.615 PM","dc-zta.ztaresearch.local",4624,"An account was successfully logged on.  Subject: 	Security ID:		S-1-0-0 	Account Name:		- 	Account Domain:		- 	Logon ID:		0x0  Logon Information: 	Logon Type:		3 	Restricted Admin Mode:	- 	Virtual Account:		No 	Elevated Token:		Yes  Impersonation Level:		Impersonation  New Logon: 	Security ID:		S-1-5-18 	Account Name:		dc-zta$ 	Account Domain:		ZTARESEARCH.LOCAL 	Logon ID:		0xED36F 	Linked Logon ID:		0x0 	Network Account Name:	- 	Network Account Domain:	- 	Logon GUID:		{1e83c98b-9e6a-513e-0406-ebbffcea312a}  Process Information: 	Process ID:		0x0 	Process Name:		-  Network Information: 	Workstation Name:	- 	Source Network Address:	fe80::6281:4404:d084:6b58 	Source Port:		51917  Detailed Authentication Information: 	Logon Process:		Kerberos 	Authentication Package:	Kerberos 	Transited Services:	- 	Package Name (NTLM only):	- 	Key Length:		0  This event is generated when a logon session is created. It is generated on the computer that was accessed.  The subject fields indicate the account on the local system which requested the logon. This is most commonly a service such as the Server service, or a local process such as Winlogon.exe or Services.exe.  The logon type field indicates the kind of logon that occurred. The most common types are 2 (interactive) and 3 (network).  The New Logon fields indicate the account for whom the new logon was created, i.e. the account that was logged on.  The network fields indicate where a remote logon request originated. Workstation name is not always available and may be left blank in some cases.  The impersonation level field indicates the extent to which a process in the logon session can impersonate.  The authentication information fields provide detailed information about this specific logon request. 	- Logon GUID is a unique identifier that can be used to correlate this event with a KDC event. 	- Transited services indicate which intermediate services have participated in this logon request. 	- Package name indicates which sub-protocol was used among the NTLM protocols. 	- Key length indicates the length of the generated session key. This will be 0 if no session key was requested."
"6/16/2026, 11:46:50.615 PM","dc-zta.ztaresearch.local",4672,"Special privileges assigned to new logon.  Subject: 	Security ID:		S-1-5-18 	Account Name:		dc-zta$ 	Account Domain:		ZTARESEARCH 	Logon ID:		0xED36F  Privileges:		SeSecurityPrivilege 			SeBackupPrivilege 			SeRestorePrivilege 			SeTakeOwnershipPrivilege 			SeDebugPrivilege 			SeSystemEnvironmentPrivilege 			SeLoadDriverPrivilege 			SeImpersonatePrivilege 			SeDelegateSessionUserImpersonatePrivilege 			SeEnableDelegationPrivilege"
"6/16/2026, 11:46:50.602 PM","dc-zta.ztaresearch.local",4624,"An account was successfully logged on.  Subject: 	Security ID:		S-1-0-0 	Account Name:		- 	Account Domain:		- 	Logon ID:		0x0  Logon Information: 	Logon Type:		3 	Restricted Admin Mode:	- 	Virtual Account:		No 	Elevated Token:		Yes  Impersonation Level:		Impersonation  New Logon: 	Security ID:		S-1-5-18 	Account Name:		dc-zta$ 	Account Domain:		ZTARESEARCH.LOCAL 	Logon ID:		0xED2E4 	Linked Logon ID:		0x0 	Network Account Name:	- 	Network Account Domain:	- 	Logon GUID:		{1e83c98b-9e6a-513e-0406-ebbffcea312a}  Process Information: 	Process ID:		0x0 	Process Name:		-  Network Information: 	Workstation Name:	- 	Source Network Address:	fe80::6281:4404:d084:6b58 	Source Port:		51916  Detailed Authentication Information: 	Logon Process:		Kerberos 	Authentication Package:	Kerberos 	Transited Services:	- 	Package Name (NTLM only):	- 	Key Length:		0  This event is generated when a logon session is created. It is generated on the computer that was accessed.  The subject fields indicate the account on the local system which requested the logon. This is most commonly a service such as the Server service, or a local process such as Winlogon.exe or Services.exe.  The logon type field indicates the kind of logon that occurred. The most common types are 2 (interactive) and 3 (network).  The New Logon fields indicate the account for whom the new logon was created, i.e. the account that was logged on.  The network fields indicate where a remote logon request originated. Workstation name is not always available and may be left blank in some cases.  The impersonation level field indicates the extent to which a process in the logon session can impersonate.  The authentication information fields provide detailed information about this specific logon request. 	- Logon GUID is a unique identifier that can be used to correlate this event with a KDC event. 	- Transited services indicate which intermediate services have participated in this logon request. 	- Package name indicates which sub-protocol was used among the NTLM protocols. 	- Key length indicates the length of the generated session key. This will be 0 if no session key was requested."
"6/16/2026, 11:46:50.601 PM","dc-zta.ztaresearch.local",4672,"Special privileges assigned to new logon.  Subject: 	Security ID:		S-1-5-18 	Account Name:		dc-zta$ 	Account Domain:		ZTARESEARCH 	Logon ID:		0xED2E4  Privileges:		SeSecurityPrivilege 			SeBackupPrivilege 			SeRestorePrivilege 			SeTakeOwnershipPrivilege 			SeDebugPrivilege 			SeSystemEnvironmentPrivilege 			SeLoadDriverPrivilege 			SeImpersonatePrivilege 			SeDelegateSessionUserImpersonatePrivilege 			SeEnableDelegationPrivilege"
"6/16/2026, 11:46:49.831 PM","dc-zta.ztaresearch.local",4624,"An account was successfully logged on.  Subject: 	Security ID:		S-1-0-0 	Account Name:		- 	Account Domain:		- 	Logon ID:		0x0  Logon Information: 	Logon Type:		3 	Restricted Admin Mode:	- 	Virtual Account:		No 	Elevated Token:		Yes  Impersonation Level:		Impersonation  New Logon: 	Security ID:		S-1-5-18 	Account Name:		dc-zta$ 	Account Domain:		ZTARESEARCH.LOCAL 	Logon ID:		0xED14E 	Linked Logon ID:		0x0 	Network Account Name:	- 	Network Account Domain:	- 	Logon GUID:		{1e83c98b-9e6a-513e-0406-ebbffcea312a}  Process Information: 	Process ID:		0x0 	Process Name:		-  Network Information: 	Workstation Name:	- 	Source Network Address:	::1 	Source Port:		51914  Detailed Authentication Information: 	Logon Process:		Kerberos 	Authentication Package:	Kerberos 	Transited Services:	- 	Package Name (NTLM only):	- 	Key Length:		0  This event is generated when a logon session is created. It is generated on the computer that was accessed.  The subject fields indicate the account on the local system which requested the logon. This is most commonly a service such as the Server service, or a local process such as Winlogon.exe or Services.exe.  The logon type field indicates the kind of logon that occurred. The most common types are 2 (interactive) and 3 (network).  The New Logon fields indicate the account for whom the new logon was created, i.e. the account that was logged on.  The network fields indicate where a remote logon request originated. Workstation name is not always available and may be left blank in some cases.  The impersonation level field indicates the extent to which a process in the logon session can impersonate.  The authentication information fields provide detailed information about this specific logon request. 	- Logon GUID is a unique identifier that can be used to correlate this event with a KDC event. 	- Transited services indicate which intermediate services have participated in this logon request. 	- Package name indicates which sub-protocol was used among the NTLM protocols. 	- Key length indicates the length of the generated session key. This will be 0 if no session key was requested."
"6/16/2026, 11:46:49.831 PM","dc-zta.ztaresearch.local",4672,"Special privileges assigned to new logon.  Subject: 	Security ID:		S-1-5-18 	Account Name:		dc-zta$ 	Account Domain:		ZTARESEARCH 	Logon ID:		0xED14E  Privileges:		SeSecurityPrivilege 			SeBackupPrivilege 			SeRestorePrivilege 			SeTakeOwnershipPrivilege 			SeDebugPrivilege 			SeSystemEnvironmentPrivilege 			SeLoadDriverPrivilege 			SeImpersonatePrivilege 			SeDelegateSessionUserImpersonatePrivilege 			SeEnableDelegationPrivilege"
"6/16/2026, 11:45:49.812 PM","dc-zta.ztaresearch.local",4624,"An account was successfully logged on.  Subject: 	Security ID:		S-1-0-0 	Account Name:		- 	Account Domain:		- 	Logon ID:		0x0  Logon Information: 	Logon Type:		3 	Restricted Admin Mode:	- 	Virtual Account:		No 	Elevated Token:		Yes  Impersonation Level:		Impersonation  New Logon: 	Security ID:		S-1-5-18 	Account Name:		dc-zta$ 	Account Domain:		ZTARESEARCH.LOCAL 	Logon ID:		0xE88E3 	Linked Logon ID:		0x0 	Network Account Name:	- 	Network Account Domain:	- 	Logon GUID:		{1e83c98b-9e6a-513e-0406-ebbffcea312a}  Process Information: 	Process ID:		0x0 	Process Name:		-  Network Information: 	Workstation Name:	- 	Source Network Address:	::1 	Source Port:		51874  Detailed Authentication Information: 	Logon Process:		Kerberos 	Authentication Package:	Kerberos 	Transited Services:	- 	Package Name (NTLM only):	- 	Key Length:		0  This event is generated when a logon session is created. It is generated on the computer that was accessed.  The subject fields indicate the account on the local system which requested the logon. This is most commonly a service such as the Server service, or a local process such as Winlogon.exe or Services.exe.  The logon type field indicates the kind of logon that occurred. The most common types are 2 (interactive) and 3 (network).  The New Logon fields indicate the account for whom the new logon was created, i.e. the account that was logged on.  The network fields indicate where a remote logon request originated. Workstation name is not always available and may be left blank in some cases.  The impersonation level field indicates the extent to which a process in the logon session can impersonate.  The authentication information fields provide detailed information about this specific logon request. 	- Logon GUID is a unique identifier that can be used to correlate this event with a KDC event. 	- Transited services indicate which intermediate services have participated in this logon request. 	- Package name indicates which sub-protocol was used among the NTLM protocols. 	- Key length indicates the length of the generated session key. This will be 0 if no session key was requested."
"6/16/2026, 11:45:49.812 PM","dc-zta.ztaresearch.local",4672,"Special privileges assigned to new logon.  Subject: 	Security ID:		S-1-5-18 	Account Name:		dc-zta$ 	Account Domain:		ZTARESEARCH 	Logon ID:		0xE88E3  Privileges:		SeSecurityPrivilege 			SeBackupPrivilege 			SeRestorePrivilege 			SeTakeOwnershipPrivilege 			SeDebugPrivilege 			SeSystemEnvironmentPrivilege 			SeLoadDriverPrivilege 			SeImpersonatePrivilege 			SeDelegateSessionUserImpersonatePrivilege 			SeEnableDelegationPrivilege"
"6/16/2026, 11:45:40.238 PM","dc-zta.ztaresearch.local",4672,"Special privileges assigned to new logon.  Subject: 	Security ID:		S-1-5-18 	Account Name:		SYSTEM 	Account Domain:		NT AUTHORITY 	Logon ID:		0x3E7  Privileges:		SeAssignPrimaryTokenPrivilege 			SeTcbPrivilege 			SeSecurityPrivilege 			SeTakeOwnershipPrivilege 			SeLoadDriverPrivilege 			SeBackupPrivilege 			SeRestorePrivilege 			SeDebugPrivilege 			SeAuditPrivilege 			SeSystemEnvironmentPrivilege 			SeImpersonatePrivilege 			SeDelegateSessionUserImpersonatePrivilege"
"6/16/2026, 11:45:40.238 PM","dc-zta.ztaresearch.local",4624,"An account was successfully logged on.  Subject: 	Security ID:		S-1-5-18 	Account Name:		dc-zta$ 	Account Domain:		ZTARESEARCH 	Logon ID:		0x3E7  Logon Information: 	Logon Type:		5 	Restricted Admin Mode:	- 	Virtual Account:		No 	Elevated Token:		Yes  Impersonation Level:		Impersonation  New Logon: 	Security ID:		S-1-5-18 	Account Name:		SYSTEM 	Account Domain:		NT AUTHORITY 	Logon ID:		0x3E7 	Linked Logon ID:		0x0 	Network Account Name:	- 	Network Account Domain:	- 	Logon GUID:		{00000000-0000-0000-0000-000000000000}  Process Information: 	Process ID:		0x2f0 	Process Name:		C:\Windows\System32\services.exe  Network Information: 	Workstation Name:	- 	Source Network Address:	- 	Source Port:		-  Detailed Authentication Information: 	Logon Process:		Advapi   	Authentication Package:	Negotiate 	Transited Services:	- 	Package Name (NTLM only):	- 	Key Length:		0  This event is generated when a logon session is created. It is generated on the computer that was accessed.  The subject fields indicate the account on the local system which requested the logon. This is most commonly a service such as the Server service, or a local process such as Winlogon.exe or Services.exe.  The logon type field indicates the kind of logon that occurred. The most common types are 2 (interactive) and 3 (network).  The New Logon fields indicate the account for whom the new logon was created, i.e. the account that was logged on.  The network fields indicate where a remote logon request originated. Workstation name is not always available and may be left blank in some cases.  The impersonation level field indicates the extent to which a process in the logon session can impersonate.  The authentication information fields provide detailed information about this specific logon request. 	- Logon GUID is a unique identifier that can be used to correlate this event with a KDC event. 	- Transited services indicate which intermediate services have participated in this logon request. 	- Package name indicates which sub-protocol was used among the NTLM protocols. 	- Key length indicates the length of the generated session key. This will be 0 if no session key was requested."
"6/16/2026, 11:45:05.747 PM","fs-zta.ztaresearch.local",4672,"Special privileges assigned to new logon.  Subject: 	Security ID:		S-1-5-18 	Account Name:		SYSTEM 	Account Domain:		NT AUTHORITY 	Logon ID:		0x3E7  Privileges:		SeAssignPrimaryTokenPrivilege 			SeTcbPrivilege 			SeSecurityPrivilege 			SeTakeOwnershipPrivilege 			SeLoadDriverPrivilege 			SeBackupPrivilege 			SeRestorePrivilege 			SeDebugPrivilege 			SeAuditPrivilege 			SeSystemEnvironmentPrivilege 			SeImpersonatePrivilege 			SeDelegateSessionUserImpersonatePrivilege"
"6/16/2026, 11:45:05.747 PM","fs-zta.ztaresearch.local",4624,"An account was successfully logged on.  Subject: 	Security ID:		S-1-5-18 	Account Name:		fs-zta$ 	Account Domain:		ZTARESEARCH 	Logon ID:		0x3E7  Logon Information: 	Logon Type:		5 	Restricted Admin Mode:	- 	Virtual Account:		No 	Elevated Token:		Yes  Impersonation Level:		Impersonation  New Logon: 	Security ID:		S-1-5-18 	Account Name:		SYSTEM 	Account Domain:		NT AUTHORITY 	Logon ID:		0x3E7 	Linked Logon ID:		0x0 	Network Account Name:	- 	Network Account Domain:	- 	Logon GUID:		{00000000-0000-0000-0000-000000000000}  Process Information: 	Process ID:		0x2f0 	Process Name:		C:\Windows\System32\services.exe  Network Information: 	Workstation Name:	- 	Source Network Address:	- 	Source Port:		-  Detailed Authentication Information: 	Logon Process:		Advapi   	Authentication Package:	Negotiate 	Transited Services:	- 	Package Name (NTLM only):	- 	Key Length:		0  This event is generated when a logon session is created. It is generated on the computer that was accessed.  The subject fields indicate the account on the local system which requested the logon. This is most commonly a service such as the Server service, or a local process such as Winlogon.exe or Services.exe.  The logon type field indicates the kind of logon that occurred. The most common types are 2 (interactive) and 3 (network).  The New Logon fields indicate the account for whom the new logon was created, i.e. the account that was logged on.  The network fields indicate where a remote logon request originated. Workstation name is not always available and may be left blank in some cases.  The impersonation level field indicates the extent to which a process in the logon session can impersonate.  The authentication information fields provide detailed information about this specific logon request. 	- Logon GUID is a unique identifier that can be used to correlate this event with a KDC event. 	- Transited services indicate which intermediate services have participated in this logon request. 	- Package name indicates which sub-protocol was used among the NTLM protocols. 	- Key length indicates the length of the generated session key. This will be 0 if no session key was requested."
