"6/16/2026, 11:43:05.994 PM","fs-zta.ztaresearch.local",4624,"An account was successfully logged on.  Subject: 	Security ID:		S-1-5-18 	Account Name:		fs-zta$ 	Account Domain:		ZTARESEARCH 	Logon ID:		0x3E7  Logon Information: 	Logon Type:		5 	Restricted Admin Mode:	- 	Virtual Account:		No 	Elevated Token:		Yes  Impersonation Level:		Impersonation  New Logon: 	Security ID:		S-1-5-18 	Account Name:		SYSTEM 	Account Domain:		NT AUTHORITY 	Logon ID:		0x3E7 	Linked Logon ID:		0x0 	Network Account Name:	- 	Network Account Domain:	- 	Logon GUID:		{00000000-0000-0000-0000-000000000000}  Process Information: 	Process ID:		0x2f0 	Process Name:		C:\Windows\System32\services.exe  Network Information: 	Workstation Name:	- 	Source Network Address:	- 	Source Port:		-  Detailed Authentication Information: 	Logon Process:		Advapi   	Authentication Package:	Negotiate 	Transited Services:	- 	Package Name (NTLM only):	- 	Key Length:		0  This event is generated when a logon session is created. It is generated on the computer that was accessed.  The subject fields indicate the account on the local system which requested the logon. This is most commonly a service such as the Server service, or a local process such as Winlogon.exe or Services.exe.  The logon type field indicates the kind of logon that occurred. The most common types are 2 (interactive) and 3 (network).  The New Logon fields indicate the account for whom the new logon was created, i.e. the account that was logged on.  The network fields indicate where a remote logon request originated. Workstation name is not always available and may be left blank in some cases.  The impersonation level field indicates the extent to which a process in the logon session can impersonate.  The authentication information fields provide detailed information about this specific logon request. 	- Logon GUID is a unique identifier that can be used to correlate this event with a KDC event. 	- Transited services indicate which intermediate services have participated in this logon request. 	- Package name indicates which sub-protocol was used among the NTLM protocols. 	- Key length indicates the length of the generated session key. This will be 0 if no session key was requested."
"6/16/2026, 11:43:05.991 PM","fs-zta.ztaresearch.local",4672,"Special privileges assigned to new logon.  Subject: 	Security ID:		S-1-5-18 	Account Name:		SYSTEM 	Account Domain:		NT AUTHORITY 	Logon ID:		0x3E7  Privileges:		SeAssignPrimaryTokenPrivilege 			SeTcbPrivilege 			SeSecurityPrivilege 			SeTakeOwnershipPrivilege 			SeLoadDriverPrivilege 			SeBackupPrivilege 			SeRestorePrivilege 			SeDebugPrivilege 			SeAuditPrivilege 			SeSystemEnvironmentPrivilege 			SeImpersonatePrivilege 			SeDelegateSessionUserImpersonatePrivilege"
"6/16/2026, 11:43:05.991 PM","fs-zta.ztaresearch.local",4624,"An account was successfully logged on.  Subject: 	Security ID:		S-1-5-18 	Account Name:		fs-zta$ 	Account Domain:		ZTARESEARCH 	Logon ID:		0x3E7  Logon Information: 	Logon Type:		5 	Restricted Admin Mode:	- 	Virtual Account:		No 	Elevated Token:		Yes  Impersonation Level:		Impersonation  New Logon: 	Security ID:		S-1-5-18 	Account Name:		SYSTEM 	Account Domain:		NT AUTHORITY 	Logon ID:		0x3E7 	Linked Logon ID:		0x0 	Network Account Name:	- 	Network Account Domain:	- 	Logon GUID:		{00000000-0000-0000-0000-000000000000}  Process Information: 	Process ID:		0x2f0 	Process Name:		C:\Windows\System32\services.exe  Network Information: 	Workstation Name:	- 	Source Network Address:	- 	Source Port:		-  Detailed Authentication Information: 	Logon Process:		Advapi   	Authentication Package:	Negotiate 	Transited Services:	- 	Package Name (NTLM only):	- 	Key Length:		0  This event is generated when a logon session is created. It is generated on the computer that was accessed.  The subject fields indicate the account on the local system which requested the logon. This is most commonly a service such as the Server service, or a local process such as Winlogon.exe or Services.exe.  The logon type field indicates the kind of logon that occurred. The most common types are 2 (interactive) and 3 (network).  The New Logon fields indicate the account for whom the new logon was created, i.e. the account that was logged on.  The network fields indicate where a remote logon request originated. Workstation name is not always available and may be left blank in some cases.  The impersonation level field indicates the extent to which a process in the logon session can impersonate.  The authentication information fields provide detailed information about this specific logon request. 	- Logon GUID is a unique identifier that can be used to correlate this event with a KDC event. 	- Transited services indicate which intermediate services have participated in this logon request. 	- Package name indicates which sub-protocol was used among the NTLM protocols. 	- Key length indicates the length of the generated session key. This will be 0 if no session key was requested."
"6/16/2026, 11:43:05.963 PM","fs-zta.ztaresearch.local",4672,"Special privileges assigned to new logon.  Subject: 	Security ID:		S-1-5-18 	Account Name:		SYSTEM 	Account Domain:		NT AUTHORITY 	Logon ID:		0x3E7  Privileges:		SeAssignPrimaryTokenPrivilege 			SeTcbPrivilege 			SeSecurityPrivilege 			SeTakeOwnershipPrivilege 			SeLoadDriverPrivilege 			SeBackupPrivilege 			SeRestorePrivilege 			SeDebugPrivilege 			SeAuditPrivilege 			SeSystemEnvironmentPrivilege 			SeImpersonatePrivilege 			SeDelegateSessionUserImpersonatePrivilege"
"6/16/2026, 11:43:05.963 PM","fs-zta.ztaresearch.local",4624,"An account was successfully logged on.  Subject: 	Security ID:		S-1-5-18 	Account Name:		fs-zta$ 	Account Domain:		ZTARESEARCH 	Logon ID:		0x3E7  Logon Information: 	Logon Type:		5 	Restricted Admin Mode:	- 	Virtual Account:		No 	Elevated Token:		Yes  Impersonation Level:		Impersonation  New Logon: 	Security ID:		S-1-5-18 	Account Name:		SYSTEM 	Account Domain:		NT AUTHORITY 	Logon ID:		0x3E7 	Linked Logon ID:		0x0 	Network Account Name:	- 	Network Account Domain:	- 	Logon GUID:		{00000000-0000-0000-0000-000000000000}  Process Information: 	Process ID:		0x2f0 	Process Name:		C:\Windows\System32\services.exe  Network Information: 	Workstation Name:	- 	Source Network Address:	- 	Source Port:		-  Detailed Authentication Information: 	Logon Process:		Advapi   	Authentication Package:	Negotiate 	Transited Services:	- 	Package Name (NTLM only):	- 	Key Length:		0  This event is generated when a logon session is created. It is generated on the computer that was accessed.  The subject fields indicate the account on the local system which requested the logon. This is most commonly a service such as the Server service, or a local process such as Winlogon.exe or Services.exe.  The logon type field indicates the kind of logon that occurred. The most common types are 2 (interactive) and 3 (network).  The New Logon fields indicate the account for whom the new logon was created, i.e. the account that was logged on.  The network fields indicate where a remote logon request originated. Workstation name is not always available and may be left blank in some cases.  The impersonation level field indicates the extent to which a process in the logon session can impersonate.  The authentication information fields provide detailed information about this specific logon request. 	- Logon GUID is a unique identifier that can be used to correlate this event with a KDC event. 	- Transited services indicate which intermediate services have participated in this logon request. 	- Package name indicates which sub-protocol was used among the NTLM protocols. 	- Key length indicates the length of the generated session key. This will be 0 if no session key was requested."
"6/16/2026, 11:43:05.918 PM","fs-zta.ztaresearch.local",4624,"An account was successfully logged on.  Subject: 	Security ID:		S-1-0-0 	Account Name:		- 	Account Domain:		- 	Logon ID:		0x0  Logon Information: 	Logon Type:		3 	Restricted Admin Mode:	- 	Virtual Account:		No 	Elevated Token:		Yes  Impersonation Level:		Impersonation  New Logon: 	Security ID:		S-1-5-18 	Account Name:		FS-ZTA$ 	Account Domain:		ZTARESEARCH.LOCAL 	Logon ID:		0x8BC01 	Linked Logon ID:		0x0 	Network Account Name:	- 	Network Account Domain:	- 	Logon GUID:		{7897c9a0-2420-1d91-4d28-84e17f2bd4b3}  Process Information: 	Process ID:		0x0 	Process Name:		-  Network Information: 	Workstation Name:	- 	Source Network Address:	::1 	Source Port:		0  Detailed Authentication Information: 	Logon Process:		Kerberos 	Authentication Package:	Kerberos 	Transited Services:	- 	Package Name (NTLM only):	- 	Key Length:		0  This event is generated when a logon session is created. It is generated on the computer that was accessed.  The subject fields indicate the account on the local system which requested the logon. This is most commonly a service such as the Server service, or a local process such as Winlogon.exe or Services.exe.  The logon type field indicates the kind of logon that occurred. The most common types are 2 (interactive) and 3 (network).  The New Logon fields indicate the account for whom the new logon was created, i.e. the account that was logged on.  The network fields indicate where a remote logon request originated. Workstation name is not always available and may be left blank in some cases.  The impersonation level field indicates the extent to which a process in the logon session can impersonate.  The authentication information fields provide detailed information about this specific logon request. 	- Logon GUID is a unique identifier that can be used to correlate this event with a KDC event. 	- Transited services indicate which intermediate services have participated in this logon request. 	- Package name indicates which sub-protocol was used among the NTLM protocols. 	- Key length indicates the length of the generated session key. This will be 0 if no session key was requested."
"6/16/2026, 11:43:05.918 PM","fs-zta.ztaresearch.local",4672,"Special privileges assigned to new logon.  Subject: 	Security ID:		S-1-5-18 	Account Name:		FS-ZTA$ 	Account Domain:		ZTARESEARCH 	Logon ID:		0x8BC01  Privileges:		SeSecurityPrivilege 			SeBackupPrivilege 			SeRestorePrivilege 			SeTakeOwnershipPrivilege 			SeDebugPrivilege 			SeSystemEnvironmentPrivilege 			SeLoadDriverPrivilege 			SeImpersonatePrivilege 			SeDelegateSessionUserImpersonatePrivilege"
"6/16/2026, 11:43:05.868 PM","dc-zta.ztaresearch.local",4624,"An account was successfully logged on.  Subject: 	Security ID:		S-1-0-0 	Account Name:		- 	Account Domain:		- 	Logon ID:		0x0  Logon Information: 	Logon Type:		3 	Restricted Admin Mode:	- 	Virtual Account:		No 	Elevated Token:		Yes  Impersonation Level:		Delegation  New Logon: 	Security ID:		S-1-5-21-284071044-3268266793-2814020225-2601 	Account Name:		FS-ZTA$ 	Account Domain:		ZTARESEARCH.LOCAL 	Logon ID:		0x96B84 	Linked Logon ID:		0x0 	Network Account Name:	- 	Network Account Domain:	- 	Logon GUID:		{1840be48-2285-eeba-4366-5170e558cb99}  Process Information: 	Process ID:		0x0 	Process Name:		-  Network Information: 	Workstation Name:	- 	Source Network Address:	10.0.1.20 	Source Port:		60017  Detailed Authentication Information: 	Logon Process:		Kerberos 	Authentication Package:	Kerberos 	Transited Services:	- 	Package Name (NTLM only):	- 	Key Length:		0  This event is generated when a logon session is created. It is generated on the computer that was accessed.  The subject fields indicate the account on the local system which requested the logon. This is most commonly a service such as the Server service, or a local process such as Winlogon.exe or Services.exe.  The logon type field indicates the kind of logon that occurred. The most common types are 2 (interactive) and 3 (network).  The New Logon fields indicate the account for whom the new logon was created, i.e. the account that was logged on.  The network fields indicate where a remote logon request originated. Workstation name is not always available and may be left blank in some cases.  The impersonation level field indicates the extent to which a process in the logon session can impersonate.  The authentication information fields provide detailed information about this specific logon request. 	- Logon GUID is a unique identifier that can be used to correlate this event with a KDC event. 	- Transited services indicate which intermediate services have participated in this logon request. 	- Package name indicates which sub-protocol was used among the NTLM protocols. 	- Key length indicates the length of the generated session key. This will be 0 if no session key was requested."
"6/16/2026, 11:43:05.823 PM","dc-zta.ztaresearch.local",4624,"An account was successfully logged on.  Subject: 	Security ID:		S-1-0-0 	Account Name:		- 	Account Domain:		- 	Logon ID:		0x0  Logon Information: 	Logon Type:		3 	Restricted Admin Mode:	- 	Virtual Account:		No 	Elevated Token:		Yes  Impersonation Level:		Delegation  New Logon: 	Security ID:		S-1-5-21-284071044-3268266793-2814020225-2601 	Account Name:		FS-ZTA$ 	Account Domain:		ZTARESEARCH.LOCAL 	Logon ID:		0x96B53 	Linked Logon ID:		0x0 	Network Account Name:	- 	Network Account Domain:	- 	Logon GUID:		{1840be48-2285-eeba-4366-5170e558cb99}  Process Information: 	Process ID:		0x0 	Process Name:		-  Network Information: 	Workstation Name:	- 	Source Network Address:	10.0.1.20 	Source Port:		60014  Detailed Authentication Information: 	Logon Process:		Kerberos 	Authentication Package:	Kerberos 	Transited Services:	- 	Package Name (NTLM only):	- 	Key Length:		0  This event is generated when a logon session is created. It is generated on the computer that was accessed.  The subject fields indicate the account on the local system which requested the logon. This is most commonly a service such as the Server service, or a local process such as Winlogon.exe or Services.exe.  The logon type field indicates the kind of logon that occurred. The most common types are 2 (interactive) and 3 (network).  The New Logon fields indicate the account for whom the new logon was created, i.e. the account that was logged on.  The network fields indicate where a remote logon request originated. Workstation name is not always available and may be left blank in some cases.  The impersonation level field indicates the extent to which a process in the logon session can impersonate.  The authentication information fields provide detailed information about this specific logon request. 	- Logon GUID is a unique identifier that can be used to correlate this event with a KDC event. 	- Transited services indicate which intermediate services have participated in this logon request. 	- Package name indicates which sub-protocol was used among the NTLM protocols. 	- Key length indicates the length of the generated session key. This will be 0 if no session key was requested."
"6/16/2026, 11:43:05.786 PM","dc-zta.ztaresearch.local",4624,"An account was successfully logged on.  Subject: 	Security ID:		S-1-0-0 	Account Name:		- 	Account Domain:		- 	Logon ID:		0x0  Logon Information: 	Logon Type:		3 	Restricted Admin Mode:	- 	Virtual Account:		No 	Elevated Token:		Yes  Impersonation Level:		Impersonation  New Logon: 	Security ID:		S-1-5-21-284071044-3268266793-2814020225-2601 	Account Name:		FS-ZTA$ 	Account Domain:		ZTARESEARCH.LOCAL 	Logon ID:		0x96B25 	Linked Logon ID:		0x0 	Network Account Name:	- 	Network Account Domain:	- 	Logon GUID:		{1840be48-2285-eeba-4366-5170e558cb99}  Process Information: 	Process ID:		0x0 	Process Name:		-  Network Information: 	Workstation Name:	- 	Source Network Address:	10.0.1.20 	Source Port:		60013  Detailed Authentication Information: 	Logon Process:		Kerberos 	Authentication Package:	Kerberos 	Transited Services:	- 	Package Name (NTLM only):	- 	Key Length:		0  This event is generated when a logon session is created. It is generated on the computer that was accessed.  The subject fields indicate the account on the local system which requested the logon. This is most commonly a service such as the Server service, or a local process such as Winlogon.exe or Services.exe.  The logon type field indicates the kind of logon that occurred. The most common types are 2 (interactive) and 3 (network).  The New Logon fields indicate the account for whom the new logon was created, i.e. the account that was logged on.  The network fields indicate where a remote logon request originated. Workstation name is not always available and may be left blank in some cases.  The impersonation level field indicates the extent to which a process in the logon session can impersonate.  The authentication information fields provide detailed information about this specific logon request. 	- Logon GUID is a unique identifier that can be used to correlate this event with a KDC event. 	- Transited services indicate which intermediate services have participated in this logon request. 	- Package name indicates which sub-protocol was used among the NTLM protocols. 	- Key length indicates the length of the generated session key. This will be 0 if no session key was requested."
"6/16/2026, 11:43:05.661 PM","fs-zta.ztaresearch.local",4624,"An account was successfully logged on.  Subject: 	Security ID:		S-1-0-0 	Account Name:		- 	Account Domain:		- 	Logon ID:		0x0  Logon Information: 	Logon Type:		3 	Restricted Admin Mode:	- 	Virtual Account:		No 	Elevated Token:		Yes  Impersonation Level:		Impersonation  New Logon: 	Security ID:		S-1-5-18 	Account Name:		FS-ZTA$ 	Account Domain:		ZTARESEARCH.LOCAL 	Logon ID:		0x8B862 	Linked Logon ID:		0x0 	Network Account Name:	- 	Network Account Domain:	- 	Logon GUID:		{7897c9a0-2420-1d91-4d28-84e17f2bd4b3}  Process Information: 	Process ID:		0x0 	Process Name:		-  Network Information: 	Workstation Name:	- 	Source Network Address:	::1 	Source Port:		0  Detailed Authentication Information: 	Logon Process:		Kerberos 	Authentication Package:	Kerberos 	Transited Services:	- 	Package Name (NTLM only):	- 	Key Length:		0  This event is generated when a logon session is created. It is generated on the computer that was accessed.  The subject fields indicate the account on the local system which requested the logon. This is most commonly a service such as the Server service, or a local process such as Winlogon.exe or Services.exe.  The logon type field indicates the kind of logon that occurred. The most common types are 2 (interactive) and 3 (network).  The New Logon fields indicate the account for whom the new logon was created, i.e. the account that was logged on.  The network fields indicate where a remote logon request originated. Workstation name is not always available and may be left blank in some cases.  The impersonation level field indicates the extent to which a process in the logon session can impersonate.  The authentication information fields provide detailed information about this specific logon request. 	- Logon GUID is a unique identifier that can be used to correlate this event with a KDC event. 	- Transited services indicate which intermediate services have participated in this logon request. 	- Package name indicates which sub-protocol was used among the NTLM protocols. 	- Key length indicates the length of the generated session key. This will be 0 if no session key was requested."
"6/16/2026, 11:43:05.661 PM","fs-zta.ztaresearch.local",4672,"Special privileges assigned to new logon.  Subject: 	Security ID:		S-1-5-18 	Account Name:		FS-ZTA$ 	Account Domain:		ZTARESEARCH 	Logon ID:		0x8B862  Privileges:		SeSecurityPrivilege 			SeBackupPrivilege 			SeRestorePrivilege 			SeTakeOwnershipPrivilege 			SeDebugPrivilege 			SeSystemEnvironmentPrivilege 			SeLoadDriverPrivilege 			SeImpersonatePrivilege 			SeDelegateSessionUserImpersonatePrivilege"
"6/16/2026, 11:43:05.616 PM","dc-zta.ztaresearch.local",4624,"An account was successfully logged on.  Subject: 	Security ID:		S-1-0-0 	Account Name:		- 	Account Domain:		- 	Logon ID:		0x0  Logon Information: 	Logon Type:		3 	Restricted Admin Mode:	- 	Virtual Account:		No 	Elevated Token:		Yes  Impersonation Level:		Impersonation  New Logon: 	Security ID:		S-1-5-21-284071044-3268266793-2814020225-2601 	Account Name:		FS-ZTA$ 	Account Domain:		ZTARESEARCH.LOCAL 	Logon ID:		0x96AE9 	Linked Logon ID:		0x0 	Network Account Name:	- 	Network Account Domain:	- 	Logon GUID:		{1840be48-2285-eeba-4366-5170e558cb99}  Process Information: 	Process ID:		0x0 	Process Name:		-  Network Information: 	Workstation Name:	- 	Source Network Address:	10.0.1.20 	Source Port:		60011  Detailed Authentication Information: 	Logon Process:		Kerberos 	Authentication Package:	Kerberos 	Transited Services:	- 	Package Name (NTLM only):	- 	Key Length:		0  This event is generated when a logon session is created. It is generated on the computer that was accessed.  The subject fields indicate the account on the local system which requested the logon. This is most commonly a service such as the Server service, or a local process such as Winlogon.exe or Services.exe.  The logon type field indicates the kind of logon that occurred. The most common types are 2 (interactive) and 3 (network).  The New Logon fields indicate the account for whom the new logon was created, i.e. the account that was logged on.  The network fields indicate where a remote logon request originated. Workstation name is not always available and may be left blank in some cases.  The impersonation level field indicates the extent to which a process in the logon session can impersonate.  The authentication information fields provide detailed information about this specific logon request. 	- Logon GUID is a unique identifier that can be used to correlate this event with a KDC event. 	- Transited services indicate which intermediate services have participated in this logon request. 	- Package name indicates which sub-protocol was used among the NTLM protocols. 	- Key length indicates the length of the generated session key. This will be 0 if no session key was requested."
"6/16/2026, 11:43:05.569 PM","dc-zta.ztaresearch.local",4624,"An account was successfully logged on.  Subject: 	Security ID:		S-1-0-0 	Account Name:		- 	Account Domain:		- 	Logon ID:		0x0  Logon Information: 	Logon Type:		3 	Restricted Admin Mode:	- 	Virtual Account:		No 	Elevated Token:		Yes  Impersonation Level:		Impersonation  New Logon: 	Security ID:		S-1-5-21-284071044-3268266793-2814020225-2601 	Account Name:		FS-ZTA$ 	Account Domain:		ZTARESEARCH.LOCAL 	Logon ID:		0x96AC7 	Linked Logon ID:		0x0 	Network Account Name:	- 	Network Account Domain:	- 	Logon GUID:		{1840be48-2285-eeba-4366-5170e558cb99}  Process Information: 	Process ID:		0x0 	Process Name:		-  Network Information: 	Workstation Name:	- 	Source Network Address:	10.0.1.20 	Source Port:		60007  Detailed Authentication Information: 	Logon Process:		Kerberos 	Authentication Package:	Kerberos 	Transited Services:	- 	Package Name (NTLM only):	- 	Key Length:		0  This event is generated when a logon session is created. It is generated on the computer that was accessed.  The subject fields indicate the account on the local system which requested the logon. This is most commonly a service such as the Server service, or a local process such as Winlogon.exe or Services.exe.  The logon type field indicates the kind of logon that occurred. The most common types are 2 (interactive) and 3 (network).  The New Logon fields indicate the account for whom the new logon was created, i.e. the account that was logged on.  The network fields indicate where a remote logon request originated. Workstation name is not always available and may be left blank in some cases.  The impersonation level field indicates the extent to which a process in the logon session can impersonate.  The authentication information fields provide detailed information about this specific logon request. 	- Logon GUID is a unique identifier that can be used to correlate this event with a KDC event. 	- Transited services indicate which intermediate services have participated in this logon request. 	- Package name indicates which sub-protocol was used among the NTLM protocols. 	- Key length indicates the length of the generated session key. This will be 0 if no session key was requested."
"6/16/2026, 11:42:50.504 PM","dc-zta.ztaresearch.local",4624,"An account was successfully logged on.  Subject: 	Security ID:		S-1-0-0 	Account Name:		- 	Account Domain:		- 	Logon ID:		0x0  Logon Information: 	Logon Type:		3 	Restricted Admin Mode:	- 	Virtual Account:		No 	Elevated Token:		Yes  Impersonation Level:		Delegation  New Logon: 	Security ID:		S-1-5-18 	Account Name:		dc-zta$ 	Account Domain:		ZTARESEARCH.LOCAL 	Logon ID:		0x94F43 	Linked Logon ID:		0x0 	Network Account Name:	- 	Network Account Domain:	- 	Logon GUID:		{1e83c98b-9e6a-513e-0406-ebbffcea312a}  Process Information: 	Process ID:		0x0 	Process Name:		-  Network Information: 	Workstation Name:	- 	Source Network Address:	fe80::6281:4404:d084:6b58 	Source Port:		51756  Detailed Authentication Information: 	Logon Process:		Kerberos 	Authentication Package:	Kerberos 	Transited Services:	- 	Package Name (NTLM only):	- 	Key Length:		0  This event is generated when a logon session is created. It is generated on the computer that was accessed.  The subject fields indicate the account on the local system which requested the logon. This is most commonly a service such as the Server service, or a local process such as Winlogon.exe or Services.exe.  The logon type field indicates the kind of logon that occurred. The most common types are 2 (interactive) and 3 (network).  The New Logon fields indicate the account for whom the new logon was created, i.e. the account that was logged on.  The network fields indicate where a remote logon request originated. Workstation name is not always available and may be left blank in some cases.  The impersonation level field indicates the extent to which a process in the logon session can impersonate.  The authentication information fields provide detailed information about this specific logon request. 	- Logon GUID is a unique identifier that can be used to correlate this event with a KDC event. 	- Transited services indicate which intermediate services have participated in this logon request. 	- Package name indicates which sub-protocol was used among the NTLM protocols. 	- Key length indicates the length of the generated session key. This will be 0 if no session key was requested."
"6/16/2026, 11:42:50.504 PM","dc-zta.ztaresearch.local",4672,"Special privileges assigned to new logon.  Subject: 	Security ID:		S-1-5-18 	Account Name:		dc-zta$ 	Account Domain:		ZTARESEARCH 	Logon ID:		0x94F43  Privileges:		SeSecurityPrivilege 			SeBackupPrivilege 			SeRestorePrivilege 			SeTakeOwnershipPrivilege 			SeDebugPrivilege 			SeSystemEnvironmentPrivilege 			SeLoadDriverPrivilege 			SeImpersonatePrivilege 			SeDelegateSessionUserImpersonatePrivilege 			SeEnableDelegationPrivilege"
"6/16/2026, 11:42:49.788 PM","dc-zta.ztaresearch.local",4624,"An account was successfully logged on.  Subject: 	Security ID:		S-1-0-0 	Account Name:		- 	Account Domain:		- 	Logon ID:		0x0  Logon Information: 	Logon Type:		3 	Restricted Admin Mode:	- 	Virtual Account:		No 	Elevated Token:		Yes  Impersonation Level:		Impersonation  New Logon: 	Security ID:		S-1-5-18 	Account Name:		dc-zta$ 	Account Domain:		ZTARESEARCH.LOCAL 	Logon ID:		0x94E6A 	Linked Logon ID:		0x0 	Network Account Name:	- 	Network Account Domain:	- 	Logon GUID:		{1e83c98b-9e6a-513e-0406-ebbffcea312a}  Process Information: 	Process ID:		0x0 	Process Name:		-  Network Information: 	Workstation Name:	- 	Source Network Address:	::1 	Source Port:		51755  Detailed Authentication Information: 	Logon Process:		Kerberos 	Authentication Package:	Kerberos 	Transited Services:	- 	Package Name (NTLM only):	- 	Key Length:		0  This event is generated when a logon session is created. It is generated on the computer that was accessed.  The subject fields indicate the account on the local system which requested the logon. This is most commonly a service such as the Server service, or a local process such as Winlogon.exe or Services.exe.  The logon type field indicates the kind of logon that occurred. The most common types are 2 (interactive) and 3 (network).  The New Logon fields indicate the account for whom the new logon was created, i.e. the account that was logged on.  The network fields indicate where a remote logon request originated. Workstation name is not always available and may be left blank in some cases.  The impersonation level field indicates the extent to which a process in the logon session can impersonate.  The authentication information fields provide detailed information about this specific logon request. 	- Logon GUID is a unique identifier that can be used to correlate this event with a KDC event. 	- Transited services indicate which intermediate services have participated in this logon request. 	- Package name indicates which sub-protocol was used among the NTLM protocols. 	- Key length indicates the length of the generated session key. This will be 0 if no session key was requested."
"6/16/2026, 11:42:49.788 PM","dc-zta.ztaresearch.local",4672,"Special privileges assigned to new logon.  Subject: 	Security ID:		S-1-5-18 	Account Name:		dc-zta$ 	Account Domain:		ZTARESEARCH 	Logon ID:		0x94E6A  Privileges:		SeSecurityPrivilege 			SeBackupPrivilege 			SeRestorePrivilege 			SeTakeOwnershipPrivilege 			SeDebugPrivilege 			SeSystemEnvironmentPrivilege 			SeLoadDriverPrivilege 			SeImpersonatePrivilege 			SeDelegateSessionUserImpersonatePrivilege 			SeEnableDelegationPrivilege"
"6/16/2026, 11:42:16.188 PM","dc-zta.ztaresearch.local",4672,"Special privileges assigned to new logon.  Subject: 	Security ID:		S-1-5-18 	Account Name:		SYSTEM 	Account Domain:		NT AUTHORITY 	Logon ID:		0x3E7  Privileges:		SeAssignPrimaryTokenPrivilege 			SeTcbPrivilege 			SeSecurityPrivilege 			SeTakeOwnershipPrivilege 			SeLoadDriverPrivilege 			SeBackupPrivilege 			SeRestorePrivilege 			SeDebugPrivilege 			SeAuditPrivilege 			SeSystemEnvironmentPrivilege 			SeImpersonatePrivilege 			SeDelegateSessionUserImpersonatePrivilege"
"6/16/2026, 11:42:16.188 PM","dc-zta.ztaresearch.local",4624,"An account was successfully logged on.  Subject: 	Security ID:		S-1-5-18 	Account Name:		dc-zta$ 	Account Domain:		ZTARESEARCH 	Logon ID:		0x3E7  Logon Information: 	Logon Type:		5 	Restricted Admin Mode:	- 	Virtual Account:		No 	Elevated Token:		Yes  Impersonation Level:		Impersonation  New Logon: 	Security ID:		S-1-5-18 	Account Name:		SYSTEM 	Account Domain:		NT AUTHORITY 	Logon ID:		0x3E7 	Linked Logon ID:		0x0 	Network Account Name:	- 	Network Account Domain:	- 	Logon GUID:		{00000000-0000-0000-0000-000000000000}  Process Information: 	Process ID:		0x2f0 	Process Name:		C:\Windows\System32\services.exe  Network Information: 	Workstation Name:	- 	Source Network Address:	- 	Source Port:		-  Detailed Authentication Information: 	Logon Process:		Advapi   	Authentication Package:	Negotiate 	Transited Services:	- 	Package Name (NTLM only):	- 	Key Length:		0  This event is generated when a logon session is created. It is generated on the computer that was accessed.  The subject fields indicate the account on the local system which requested the logon. This is most commonly a service such as the Server service, or a local process such as Winlogon.exe or Services.exe.  The logon type field indicates the kind of logon that occurred. The most common types are 2 (interactive) and 3 (network).  The New Logon fields indicate the account for whom the new logon was created, i.e. the account that was logged on.  The network fields indicate where a remote logon request originated. Workstation name is not always available and may be left blank in some cases.  The impersonation level field indicates the extent to which a process in the logon session can impersonate.  The authentication information fields provide detailed information about this specific logon request. 	- Logon GUID is a unique identifier that can be used to correlate this event with a KDC event. 	- Transited services indicate which intermediate services have participated in this logon request. 	- Package name indicates which sub-protocol was used among the NTLM protocols. 	- Key length indicates the length of the generated session key. This will be 0 if no session key was requested."
"6/16/2026, 11:42:15.805 PM","dc-zta.ztaresearch.local",4624,"An account was successfully logged on.  Subject: 	Security ID:		S-1-0-0 	Account Name:		- 	Account Domain:		- 	Logon ID:		0x0  Logon Information: 	Logon Type:		3 	Restricted Admin Mode:	- 	Virtual Account:		No 	Elevated Token:		Yes  Impersonation Level:		Delegation  New Logon: 	Security ID:		S-1-5-21-284071044-3268266793-2814020225-2601 	Account Name:		FS-ZTA$ 	Account Domain:		ZTARESEARCH.LOCAL 	Logon ID:		0x866AF 	Linked Logon ID:		0x0 	Network Account Name:	- 	Network Account Domain:	- 	Logon GUID:		{8967ab01-c982-da22-48ac-bf0d3fa23d88}  Process Information: 	Process ID:		0x0 	Process Name:		-  Network Information: 	Workstation Name:	- 	Source Network Address:	10.0.1.20 	Source Port:		59971  Detailed Authentication Information: 	Logon Process:		Kerberos 	Authentication Package:	Kerberos 	Transited Services:	- 	Package Name (NTLM only):	- 	Key Length:		0  This event is generated when a logon session is created. It is generated on the computer that was accessed.  The subject fields indicate the account on the local system which requested the logon. This is most commonly a service such as the Server service, or a local process such as Winlogon.exe or Services.exe.  The logon type field indicates the kind of logon that occurred. The most common types are 2 (interactive) and 3 (network).  The New Logon fields indicate the account for whom the new logon was created, i.e. the account that was logged on.  The network fields indicate where a remote logon request originated. Workstation name is not always available and may be left blank in some cases.  The impersonation level field indicates the extent to which a process in the logon session can impersonate.  The authentication information fields provide detailed information about this specific logon request. 	- Logon GUID is a unique identifier that can be used to correlate this event with a KDC event. 	- Transited services indicate which intermediate services have participated in this logon request. 	- Package name indicates which sub-protocol was used among the NTLM protocols. 	- Key length indicates the length of the generated session key. This will be 0 if no session key was requested."
"6/16/2026, 11:42:13.961 PM","dc-zta.ztaresearch.local",4672,"Special privileges assigned to new logon.  Subject: 	Security ID:		S-1-5-18 	Account Name:		SYSTEM 	Account Domain:		NT AUTHORITY 	Logon ID:		0x3E7  Privileges:		SeAssignPrimaryTokenPrivilege 			SeTcbPrivilege 			SeSecurityPrivilege 			SeTakeOwnershipPrivilege 			SeLoadDriverPrivilege 			SeBackupPrivilege 			SeRestorePrivilege 			SeDebugPrivilege 			SeAuditPrivilege 			SeSystemEnvironmentPrivilege 			SeImpersonatePrivilege 			SeDelegateSessionUserImpersonatePrivilege"
"6/16/2026, 11:42:13.961 PM","dc-zta.ztaresearch.local",4624,"An account was successfully logged on.  Subject: 	Security ID:		S-1-5-18 	Account Name:		dc-zta$ 	Account Domain:		ZTARESEARCH 	Logon ID:		0x3E7  Logon Information: 	Logon Type:		5 	Restricted Admin Mode:	- 	Virtual Account:		No 	Elevated Token:		Yes  Impersonation Level:		Impersonation  New Logon: 	Security ID:		S-1-5-18 	Account Name:		SYSTEM 	Account Domain:		NT AUTHORITY 	Logon ID:		0x3E7 	Linked Logon ID:		0x0 	Network Account Name:	- 	Network Account Domain:	- 	Logon GUID:		{00000000-0000-0000-0000-000000000000}  Process Information: 	Process ID:		0x2f0 	Process Name:		C:\Windows\System32\services.exe  Network Information: 	Workstation Name:	- 	Source Network Address:	- 	Source Port:		-  Detailed Authentication Information: 	Logon Process:		Advapi   	Authentication Package:	Negotiate 	Transited Services:	- 	Package Name (NTLM only):	- 	Key Length:		0  This event is generated when a logon session is created. It is generated on the computer that was accessed.  The subject fields indicate the account on the local system which requested the logon. This is most commonly a service such as the Server service, or a local process such as Winlogon.exe or Services.exe.  The logon type field indicates the kind of logon that occurred. The most common types are 2 (interactive) and 3 (network).  The New Logon fields indicate the account for whom the new logon was created, i.e. the account that was logged on.  The network fields indicate where a remote logon request originated. Workstation name is not always available and may be left blank in some cases.  The impersonation level field indicates the extent to which a process in the logon session can impersonate.  The authentication information fields provide detailed information about this specific logon request. 	- Logon GUID is a unique identifier that can be used to correlate this event with a KDC event. 	- Transited services indicate which intermediate services have participated in this logon request. 	- Package name indicates which sub-protocol was used among the NTLM protocols. 	- Key length indicates the length of the generated session key. This will be 0 if no session key was requested."
"6/16/2026, 11:42:13.233 PM","dc-zta.ztaresearch.local",4672,"Special privileges assigned to new logon.  Subject: 	Security ID:		S-1-5-18 	Account Name:		SYSTEM 	Account Domain:		NT AUTHORITY 	Logon ID:		0x3E7  Privileges:		SeAssignPrimaryTokenPrivilege 			SeTcbPrivilege 			SeSecurityPrivilege 			SeTakeOwnershipPrivilege 			SeLoadDriverPrivilege 			SeBackupPrivilege 			SeRestorePrivilege 			SeDebugPrivilege 			SeAuditPrivilege 			SeSystemEnvironmentPrivilege 			SeImpersonatePrivilege 			SeDelegateSessionUserImpersonatePrivilege"
"6/16/2026, 11:42:13.233 PM","dc-zta.ztaresearch.local",4624,"An account was successfully logged on.  Subject: 	Security ID:		S-1-5-18 	Account Name:		dc-zta$ 	Account Domain:		ZTARESEARCH 	Logon ID:		0x3E7  Logon Information: 	Logon Type:		5 	Restricted Admin Mode:	- 	Virtual Account:		No 	Elevated Token:		Yes  Impersonation Level:		Impersonation  New Logon: 	Security ID:		S-1-5-18 	Account Name:		SYSTEM 	Account Domain:		NT AUTHORITY 	Logon ID:		0x3E7 	Linked Logon ID:		0x0 	Network Account Name:	- 	Network Account Domain:	- 	Logon GUID:		{00000000-0000-0000-0000-000000000000}  Process Information: 	Process ID:		0x2f0 	Process Name:		C:\Windows\System32\services.exe  Network Information: 	Workstation Name:	- 	Source Network Address:	- 	Source Port:		-  Detailed Authentication Information: 	Logon Process:		Advapi   	Authentication Package:	Negotiate 	Transited Services:	- 	Package Name (NTLM only):	- 	Key Length:		0  This event is generated when a logon session is created. It is generated on the computer that was accessed.  The subject fields indicate the account on the local system which requested the logon. This is most commonly a service such as the Server service, or a local process such as Winlogon.exe or Services.exe.  The logon type field indicates the kind of logon that occurred. The most common types are 2 (interactive) and 3 (network).  The New Logon fields indicate the account for whom the new logon was created, i.e. the account that was logged on.  The network fields indicate where a remote logon request originated. Workstation name is not always available and may be left blank in some cases.  The impersonation level field indicates the extent to which a process in the logon session can impersonate.  The authentication information fields provide detailed information about this specific logon request. 	- Logon GUID is a unique identifier that can be used to correlate this event with a KDC event. 	- Transited services indicate which intermediate services have participated in this logon request. 	- Package name indicates which sub-protocol was used among the NTLM protocols. 	- Key length indicates the length of the generated session key. This will be 0 if no session key was requested."
"6/16/2026, 11:42:13.220 PM","dc-zta.ztaresearch.local",4672,"Special privileges assigned to new logon.  Subject: 	Security ID:		S-1-5-18 	Account Name:		SYSTEM 	Account Domain:		NT AUTHORITY 	Logon ID:		0x3E7  Privileges:		SeAssignPrimaryTokenPrivilege 			SeTcbPrivilege 			SeSecurityPrivilege 			SeTakeOwnershipPrivilege 			SeLoadDriverPrivilege 			SeBackupPrivilege 			SeRestorePrivilege 			SeDebugPrivilege 			SeAuditPrivilege 			SeSystemEnvironmentPrivilege 			SeImpersonatePrivilege 			SeDelegateSessionUserImpersonatePrivilege"
"6/16/2026, 11:42:13.220 PM","dc-zta.ztaresearch.local",4624,"An account was successfully logged on.  Subject: 	Security ID:		S-1-5-18 	Account Name:		dc-zta$ 	Account Domain:		ZTARESEARCH 	Logon ID:		0x3E7  Logon Information: 	Logon Type:		5 	Restricted Admin Mode:	- 	Virtual Account:		No 	Elevated Token:		Yes  Impersonation Level:		Impersonation  New Logon: 	Security ID:		S-1-5-18 	Account Name:		SYSTEM 	Account Domain:		NT AUTHORITY 	Logon ID:		0x3E7 	Linked Logon ID:		0x0 	Network Account Name:	- 	Network Account Domain:	- 	Logon GUID:		{00000000-0000-0000-0000-000000000000}  Process Information: 	Process ID:		0x2f0 	Process Name:		C:\Windows\System32\services.exe  Network Information: 	Workstation Name:	- 	Source Network Address:	- 	Source Port:		-  Detailed Authentication Information: 	Logon Process:		Advapi   	Authentication Package:	Negotiate 	Transited Services:	- 	Package Name (NTLM only):	- 	Key Length:		0  This event is generated when a logon session is created. It is generated on the computer that was accessed.  The subject fields indicate the account on the local system which requested the logon. This is most commonly a service such as the Server service, or a local process such as Winlogon.exe or Services.exe.  The logon type field indicates the kind of logon that occurred. The most common types are 2 (interactive) and 3 (network).  The New Logon fields indicate the account for whom the new logon was created, i.e. the account that was logged on.  The network fields indicate where a remote logon request originated. Workstation name is not always available and may be left blank in some cases.  The impersonation level field indicates the extent to which a process in the logon session can impersonate.  The authentication information fields provide detailed information about this specific logon request. 	- Logon GUID is a unique identifier that can be used to correlate this event with a KDC event. 	- Transited services indicate which intermediate services have participated in this logon request. 	- Package name indicates which sub-protocol was used among the NTLM protocols. 	- Key length indicates the length of the generated session key. This will be 0 if no session key was requested."
"6/16/2026, 11:42:13.171 PM","dc-zta.ztaresearch.local",4624,"An account was successfully logged on.  Subject: 	Security ID:		S-1-0-0 	Account Name:		- 	Account Domain:		- 	Logon ID:		0x0  Logon Information: 	Logon Type:		3 	Restricted Admin Mode:	- 	Virtual Account:		No 	Elevated Token:		Yes  Impersonation Level:		Impersonation  New Logon: 	Security ID:		S-1-5-18 	Account Name:		dc-zta$ 	Account Domain:		ZTARESEARCH.LOCAL 	Logon ID:		0x837B9 	Linked Logon ID:		0x0 	Network Account Name:	- 	Network Account Domain:	- 	Logon GUID:		{445b2753-6c9b-1438-8f83-a16acb90f4b3}  Process Information: 	Process ID:		0x0 	Process Name:		-  Network Information: 	Workstation Name:	- 	Source Network Address:	::1 	Source Port:		0  Detailed Authentication Information: 	Logon Process:		Kerberos 	Authentication Package:	Kerberos 	Transited Services:	- 	Package Name (NTLM only):	- 	Key Length:		0  This event is generated when a logon session is created. It is generated on the computer that was accessed.  The subject fields indicate the account on the local system which requested the logon. This is most commonly a service such as the Server service, or a local process such as Winlogon.exe or Services.exe.  The logon type field indicates the kind of logon that occurred. The most common types are 2 (interactive) and 3 (network).  The New Logon fields indicate the account for whom the new logon was created, i.e. the account that was logged on.  The network fields indicate where a remote logon request originated. Workstation name is not always available and may be left blank in some cases.  The impersonation level field indicates the extent to which a process in the logon session can impersonate.  The authentication information fields provide detailed information about this specific logon request. 	- Logon GUID is a unique identifier that can be used to correlate this event with a KDC event. 	- Transited services indicate which intermediate services have participated in this logon request. 	- Package name indicates which sub-protocol was used among the NTLM protocols. 	- Key length indicates the length of the generated session key. This will be 0 if no session key was requested."
"6/16/2026, 11:42:13.170 PM","dc-zta.ztaresearch.local",4672,"Special privileges assigned to new logon.  Subject: 	Security ID:		S-1-5-18 	Account Name:		dc-zta$ 	Account Domain:		ZTARESEARCH 	Logon ID:		0x837B9  Privileges:		SeSecurityPrivilege 			SeBackupPrivilege 			SeRestorePrivilege 			SeTakeOwnershipPrivilege 			SeDebugPrivilege 			SeSystemEnvironmentPrivilege 			SeLoadDriverPrivilege 			SeImpersonatePrivilege 			SeDelegateSessionUserImpersonatePrivilege 			SeEnableDelegationPrivilege"
"6/16/2026, 11:42:13.048 PM","dc-zta.ztaresearch.local",4624,"An account was successfully logged on.  Subject: 	Security ID:		S-1-0-0 	Account Name:		- 	Account Domain:		- 	Logon ID:		0x0  Logon Information: 	Logon Type:		3 	Restricted Admin Mode:	- 	Virtual Account:		No 	Elevated Token:		Yes  Impersonation Level:		Impersonation  New Logon: 	Security ID:		S-1-5-18 	Account Name:		dc-zta$ 	Account Domain:		ZTARESEARCH.LOCAL 	Logon ID:		0x833D1 	Linked Logon ID:		0x0 	Network Account Name:	- 	Network Account Domain:	- 	Logon GUID:		{1e83c98b-9e6a-513e-0406-ebbffcea312a}  Process Information: 	Process ID:		0x0 	Process Name:		-  Network Information: 	Workstation Name:	- 	Source Network Address:	10.0.1.10 	Source Port:		51737  Detailed Authentication Information: 	Logon Process:		Kerberos 	Authentication Package:	Kerberos 	Transited Services:	- 	Package Name (NTLM only):	- 	Key Length:		0  This event is generated when a logon session is created. It is generated on the computer that was accessed.  The subject fields indicate the account on the local system which requested the logon. This is most commonly a service such as the Server service, or a local process such as Winlogon.exe or Services.exe.  The logon type field indicates the kind of logon that occurred. The most common types are 2 (interactive) and 3 (network).  The New Logon fields indicate the account for whom the new logon was created, i.e. the account that was logged on.  The network fields indicate where a remote logon request originated. Workstation name is not always available and may be left blank in some cases.  The impersonation level field indicates the extent to which a process in the logon session can impersonate.  The authentication information fields provide detailed information about this specific logon request. 	- Logon GUID is a unique identifier that can be used to correlate this event with a KDC event. 	- Transited services indicate which intermediate services have participated in this logon request. 	- Package name indicates which sub-protocol was used among the NTLM protocols. 	- Key length indicates the length of the generated session key. This will be 0 if no session key was requested."
"6/16/2026, 11:42:13.048 PM","dc-zta.ztaresearch.local",4672,"Special privileges assigned to new logon.  Subject: 	Security ID:		S-1-5-18 	Account Name:		dc-zta$ 	Account Domain:		ZTARESEARCH 	Logon ID:		0x833D1  Privileges:		SeSecurityPrivilege 			SeBackupPrivilege 			SeRestorePrivilege 			SeTakeOwnershipPrivilege 			SeDebugPrivilege 			SeSystemEnvironmentPrivilege 			SeLoadDriverPrivilege 			SeImpersonatePrivilege 			SeDelegateSessionUserImpersonatePrivilege 			SeEnableDelegationPrivilege"
